0:100  0:100  MemLog inited, TSC freq: 2294786085
0:100  0:000  CPU was calibrated with ACPI PM Timer
0:100  0:000  
0:100  0:000  Now is 17.4.2019,  13:8:17 (GMT)
0:100  0:000  Starting Clover revision: 4700 on American Megatrends EFI
0:100  0:000  Build with: [Args: -D NO_GRUB_DRIVERS_EMBEDDED -t XCODE8 | -D NO_GRUB_DRIVERS_EMBEDDED -D USE_LOW_EBDA -a X64 -b RELEASE -t XCODE8 -n 5 | OS: 10.13.6 | XCODE: 9.4.1]
0:100  0:000  SelfDevicePath=PciRoot(0x0)\Pci(0x1D,0x0)\USB(0x1,0x0)\USB(0x2,0x0)\HD(1,GPT,07E0E355-4A3C-4F20-AB1C-13F8B8493B73,0x28,0x64000) @BC5DF298
0:100  0:000  SelfDirPath = \EFI\CLOVER
0:101  0:000  === [ Get Smbios ] ========================================
0:101  0:000  Type 16 Index = 0
0:101  0:000  Total Memory Slots Count = 4
0:101  0:000  Type 17 Index = 0
0:101  0:000  SmbiosTable.Type17->Speed = 1333MHz
0:101  0:000  SmbiosTable.Type17->Size = 2048MB
0:101  0:000  SmbiosTable.Type17->Bank/Device = BANK 0 ChannelA-DIMM0
0:101  0:000  SmbiosTable.Type17->Vendor = Hynix/Hyundai
0:101  0:000  SmbiosTable.Type17->SerialNumber = 44302D95
0:101  0:000  SmbiosTable.Type17->PartNumber = HMT325S6CFR8C-H9  
0:101  0:000  Type 17 Index = 1
0:101  0:000  Ignoring insane frequency value 0MHz
0:101  0:000  SmbiosTable.Type17->Speed = 0MHz
0:101  0:000  SmbiosTable.Type17->Size = 0MB
0:101  0:000  SmbiosTable.Type17->Bank/Device = BANK 1 ChannelA-DIMM1
0:101  0:000  SmbiosTable.Type17->Vendor = <null string>
0:101  0:000  SmbiosTable.Type17->SerialNumber = <null string>
0:101  0:000  SmbiosTable.Type17->PartNumber = <null string>
0:101  0:000  Type 17 Index = 2
0:101  0:000  SmbiosTable.Type17->Speed = 1333MHz
0:101  0:000  SmbiosTable.Type17->Size = 2048MB
0:101  0:000  SmbiosTable.Type17->Bank/Device = BANK 2 ChannelB-DIMM0
0:101  0:000  SmbiosTable.Type17->Vendor = Micron
0:101  0:000  SmbiosTable.Type17->SerialNumber = 00000000
0:101  0:000  SmbiosTable.Type17->PartNumber = 8KTF25664HZ-1G6M1 
0:101  0:000  Type 17 Index = 3
0:101  0:000  Ignoring insane frequency value 0MHz
0:101  0:000  SmbiosTable.Type17->Speed = 0MHz
0:101  0:000  SmbiosTable.Type17->Size = 0MB
0:101  0:000  SmbiosTable.Type17->Bank/Device = BANK 3 ChannelB-DIMM1
0:101  0:000  SmbiosTable.Type17->Vendor = <null string>
0:101  0:000  SmbiosTable.Type17->SerialNumber = <null string>
0:101  0:000  SmbiosTable.Type17->PartNumber = <null string>
0:101  0:000  Boot status=0
0:101  0:000  Running on: 'X45C' with board 'X45C'
0:101  0:000  === [ GetCPUProperties ] ==================================
0:101  0:000  CPU Vendor = 756E6547 Model=206A7
0:101  0:000   The CPU supported SSE4.1
0:101  0:000  BrandString = Intel(R) Core(TM) i3-2350M CPU @ 2.30GHz
0:101  0:000   The CPU not supported turbo
0:101  0:000  MSR 0x35               20004
0:101  0:000  MSR 0xE2 before patch 1E008404
0:101  0:000  MSR 0xE2 is locked, PM patches will be turned on
0:101  0:000  MSR 0xCE              00000800_60011700
0:101  0:000  corrected FLEX_RATIO = 0
0:101  0:000  MSR 0x1B0             00000000
0:101  0:000  FSBFrequency = 100 MHz, DMI FSBFrequency = 100 MHz, Corrected FSBFrequency = 100 MHz
0:101  0:000  MaxDiv/MinDiv: 23.0/8
0:101  0:000  Turbo: 23/23/23/23
0:101  0:000  Features: 0xBFEBFBFF
0:101  0:000  Threads: 4
0:101  0:000  Cores: 2
0:101  0:000  FSB: 100 MHz
0:101  0:000  CPU: 2300 MHz
0:101  0:000  TSC: 2300 MHz
0:101  0:000  PIS: 100 MHz
0:101  0:000  ExternalClock: 25 MHz
0:101  0:000  === [ GetDevices ] ========================================
0:101  0:000  PCI (00|00:00.00) : 8086 0104 class=060000
0:101  0:000  PCI (00|00:02.00) : 8086 0116 class=030000
0:101  0:000   - GFX: Model=Intel HD Graphics 3000 (Intel)
0:101  0:000  PCI (00|00:14.00) : 8086 1E31 class=0C0330
0:101  0:000  PCI (00|00:16.00) : 8086 1E3A class=078000
0:101  0:000  PCI (00|00:16.01) : FFFF FFFF class=FFFFFF
0:101  0:000  PCI (00|00:1A.00) : 8086 1E2D class=0C0320
0:101  0:000  PCI (00|00:1B.00) : 8086 1E20 class=040300
0:101  0:000  PCI (00|00:1C.00) : 8086 1E10 class=060400
0:101  0:000  PCI (00|00:1C.01) : 8086 1E12 class=060400
0:101  0:000  PCI (00|02:00.00) : 168C 0032 class=028000
0:101  0:000   - WIFI: Vendor=Atheros
0:101  0:000  PCI (00|00:1C.03) : 8086 1E16 class=060400
0:101  0:000  PCI (00|03:00.00) : 10EC 5289 class=FF0000
0:101  0:000  PCI (00|03:00.02) : 10EC 8168 class=020000
0:101  0:000   - LAN: 0 Vendor=Realtek
0:101  0:000  PCI (00|00:1D.00) : 8086 1E26 class=0C0320
0:101  0:000  PCI (00|00:1F.00) : 8086 1E59 class=060100
0:101  0:000  PCI (00|00:1F.02) : 8086 1E03 class=010601
0:101  0:000  PCI (00|00:1F.03) : 8086 1E22 class=0C0500
0:101  0:000  PCI (00|00:1F.06) : FFFF FFFF class=FFFFFF
0:101  0:000  === [ GetDefaultSettings ] ================================
0:101  0:000  Clover load options size = 66 bytes
0:101  0:000  Clover started with option to boot boot.efi from Install macOS Mojave
0:109  0:007  EFI\CLOVER\config.plist loaded: Success
0:109  0:000  === [ GetListOfThemes ] ===================================
0:112  0:002  - [00]: EMBEDDED
0:114  0:001  - [00]: RANDOM
0:116  0:001  === [ Found config plists ] ===============================
0:116  0:000  - config.plist
0:116  0:000  === [ GetEarlyUserSettings ] ==============================
0:116  0:000  timeout set to 5
0:116  0:000  Custom boot CUSTOM_BOOT_DISABLED (0x0)
0:116  0:000  ForceKextsToLoad: 1 requested
0:116  0:000   - [0]: System\Library\Extensions\IONetworkingFamily.kext
0:116  0:000  KernelToPatch: 2 requested
0:116  0:000   - [00]: Disable panic kext logging on 10.13 release kernel (credit vit9696) :: MatchOS: 10.13.x :: data len: 6
0:116  0:000   - [01]: Disable panic kext logging on 10.14 release kernel (credit vit9696) :: MatchOS: 10.14.x :: data len: 6
0:116  0:000  Default theme: BGM
0:116  0:000  Hiding entries with string Preboot
0:116  0:000  === [ LoadDrivers ] =======================================
0:124  0:007  Loading ApfsDriverLoader-64.efi  status=Success
0:132  0:008   - driver needs connecting
0:132  0:000  Loading AppleImageCodec-64.efi  status=Success
0:138  0:006  Loading AptioMemoryFix-64.efi  status=Success
0:146  0:007  Loading CsmVideoDxe-64.efi  status=Success
0:155  0:009   - driver needs connecting
0:155  0:000  Loading DataHubDxe-64.efi  status=Success
0:206  0:050  Loading EmuVariableUefi-64.efi  status=Success
0:213  0:007  EmuVariableUefi Initialize: VariableCommonInitialize = Success, orig services stored, install gEmuVariableControlProtocolGuid = Success
0:213  0:000  Loading FSInject-64.efi  status=Success
0:221  0:008  Loading SMCHelper-64.efi  status=Success
0:226  0:004  Loading HFSPlus-64.efi  status=Success
0:235  0:009   - driver needs connecting
0:235  0:000  Loading AudioDxe-64.efi  status=Success
0:246  0:010   - driver needs connecting
0:246  0:000  Loading BootChimeDxe-64.efi  status=Success
0:337  0:090  Loading EnglishDxe-64.efi  status=Success
0:341  0:004  Loading Fat-64.efi  status=Success
0:350  0:008   - driver needs connecting
0:350  0:000  Loading Ps2MouseDxe-64.efi  status=Success
0:355  0:005   - driver needs connecting
0:355  0:000  6 drivers needs connecting ...
0:355  0:000  PlatformDriverOverrideProtocol not found. Installing ... Success
0:355  0:000  HFS+ driver loaded
0:355  0:000  APFS driver loaded
0:355  0:000  Video driver loaded: disconnect Success
0:475  0:120  Searching for invalid DiskIo BY_DRIVER connects: not found, all ok
0:493  0:017  CsmVideoDriverBindingStart
0:493  0:000  Controller is [030000]
0:493  0:000  Check for VBE
0:505  0:012   found Detail Timing 1366x768
0:505  0:000  timing string after 0xFE:N140BGE-L22
 
0:505  0:000  timing string after 0xFE:CMN
         
0:505  0:000  timing string after 0xFE:N140BGE-L22
 
0:505  0:000    0 1024x768 attr=9B - ok, edid-, 1024x768, working, highest, pref=0
0:505  0:000    1 640x480 attr=9B - ok, edid-, 640x480, working
0:506  0:000    2 800x600 attr=9B - ok, edid-, 800x600, working
0:506  0:000    3 1366x768 attr=9B - ok, edid+, working, highest, pref=3
0:506  0:000  CsmVideo: New mode: 3 1366x768 - set
0:644  0:138   - SetMode pref 3 (3) = Success
0:644  0:000  CsmVideoCheckForVbe - Success
0:644  0:000  CsmVideoDriverBindingStart end Success
0:644  0:000  CsmVideo: New mode: 2 800x600 - blocking that switch
0:644  0:000  CsmVideo: New mode: 2 800x600 - blocking that switch
0:644  0:000  CsmVideo: New mode: 0 1024x768 - blocking that switch
4:898  4:253  EmuVariable InstallEmulation: orig vars copied, emu.var.services installed, CreateEvent VirtualAddressChange = Success, CreateEvent ExitBootServices = Success, set Status=Success
4:903  0:005  === [ InitScreen ] ========================================
4:903  0:000  Console modes reported: 4, available modes:
4:903  0:000   - [01]: 80x25 (current mode)
4:903  0:000   - [03]: 100x31
4:903  0:000   - [04]: 128x40
4:903  0:000  SetScreenResolution: 1366x768 - already set
4:903  0:000  reinit: self device path=PciRoot(0x0)\Pci(0x1D,0x0)\USB(0x1,0x0)\USB(0x2,0x0)\HD(1,GPT,07E0E355-4A3C-4F20-AB1C-13F8B8493B73,0x28,0x64000)
4:905  0:001  Using embedded font: Success
4:906  0:001  === [ GetMacAddress ] =====================================
4:906  0:000  === [ ScanSPD ] ===========================================
4:907  0:000  SMBus device : 8086 1E22 class=0C0500 status=Success
4:907  0:000  SMBus CmdReg: 0x3
4:907  0:000  Scanning SMBus [8086:1E22], mmio: 0xF7E15004, ioport: 0xF040, hostc: 0x1
4:907  0:000  Slots to scan [8]...
4:907  0:000  SPD[0]: Type 11 @0x50
4:926  0:018  Not using XMP because it is not present
4:926  0:000  DDR speed 1333MHz
4:926  0:000  Slot: 0 Type 24 2048MB 1333MHz Vendor=SK Hynix PartNo=HMT325S6CFR8C-H9N0 SerialNo=04040300020D0905
4:927  0:000  === [ GetAcpiTablesList ] =================================
4:927  0:000  Get Acpi Tables List from RSDT:
4:927  0:000   - [00]: FACP  Notebook len=132
4:927  0:000   - [01]: APIC  Notebook len=114
4:927  0:000   - [02]: FPDT  Notebook len=68
4:927  0:000   - [03]: ECDT  Notebook len=193
4:927  0:000   - [04]: MCFG  Notebook len=60
4:927  0:000   - [05]: HPET  Notebook len=56
4:927  0:000   - [06]: SSDT  AhciTab1 len=1586
4:927  0:000   - [07]: SSDT  AhciTab2 len=1182
4:927  0:000   - [08]: SSDT  Cpu0Ist len=2512
4:927  0:000   - [09]: SSDT  CpuPm len=2706
4:927  0:000  Calibrated TSC Frequency = 2294786085 = 2294MHz
4:928  0:000  === [ GetUserSettings ] ===================================
4:928  0:000  Add 2 devices:
4:928  0:000  Add 8 properties:
4:928  0:000   - [00]: NVidia Key: name, len: 9
4:928  0:000   - [01]: NVidia Key: IOName, len: 9
4:928  0:000   - [02]: NVidia Key: class-code, len: 4
4:928  0:000   - [03]: ATI Key: name, len: 9
4:928  0:000   - [04]: ATI Key: IOName, len: 9
4:928  0:000   - [05]: ATI Key: class-code, len: 4
4:928  0:000   - [06]: ATI Key: vendor-id, len: 4
4:928  0:000   - [07]: ATI Key: device-id, len: 4
4:928  0:000  USB FixOwnership: yes
4:928  0:000  Dropping 2 tables:
4:928  0:000   - [00]: Drop table  signature="#MCF" (46434D23)
4:928  0:000           - set table: 46434D23,                0 to drop: no
4:928  0:000   - [01]: Drop table  signature="DMAR" (52414D44)
4:928  0:000           - set table: 52414D44,                0 to drop: no
4:928  0:000   - final DSDT Fix mask=00000000
4:928  0:000  PatchesDSDT: 10 requested
4:928  0:000   - [00]: (change OSID to XSID (to avoid match against _OSI XOSI patch)) lenToFind: 4, lenToReplace: 4, Target Bridge: <null string>
4:928  0:000    patch disabled at config
4:928  0:000   - [01]: (change _OSI to XOSI) lenToFind: 4, lenToReplace: 4, Target Bridge: <null string>
4:928  0:000    patch disabled at config
4:928  0:000   - [02]: (change _DSM to XDSM) lenToFind: 4, lenToReplace: 4, Target Bridge: <null string>
4:928  0:000    patch disabled at config
4:928  0:000   - [03]: (change EC0 to EC) lenToFind: 4, lenToReplace: 4, Target Bridge: <null string>
4:928  0:000    patch disabled at config
4:928  0:000   - [04]: (change H_EC to EC) lenToFind: 4, lenToReplace: 4, Target Bridge: <null string>
4:928  0:000    patch disabled at config
4:928  0:000   - [05]: (change EHC1 to EH01) lenToFind: 4, lenToReplace: 4, Target Bridge: <null string>
4:928  0:000   - [06]: (change EHC2 to EH02) lenToFind: 4, lenToReplace: 4, Target Bridge: <null string>
4:928  0:000   - [07]: (change GFX0 to IGPU) lenToFind: 4, lenToReplace: 4, Target Bridge: <null string>
4:928  0:000   - [08]: (change PCI0.VID to IGPU #1 (Thinkpad)) lenToFind: 8, lenToReplace: 8, Target Bridge: <null string>
4:928  0:000   - [09]: (change PCI0.VID to IGPU #2 (Thinkpad)) lenToFind: 14, lenToReplace: 14, Target Bridge: <null string>
4:928  0:000  Using ProductName from config: MacBookPro9,2
4:928  0:000  BiosVersion: not set, Using BiosVersion from clover
4:928  0:000  BiosVersion: MBP91.88Z.00DA.B00.1804091930
4:928  0:000  BiosReleaseDate: 04/09/2018
4:928  0:000  Using FirmwareFeatures from clover: 0xC00DE137
4:928  0:000  Using FirmwareFeaturesMask from clover: 0xFF1FFF3F
4:928  0:000  PlatformFeature will not set in SMBIOS
4:930  0:002  === [ Found DSDT tables ] =================================
6:527  1:596  === [ ScanVolumes ] =======================================
6:527  0:000  Found 11 volumes with blockIO
6:527  0:000  - [00]: Volume: PciRoot(0x0)\Pci(0x1D,0x0)\USB(0x1,0x0)\USB(0x2,0x0)
6:528  0:001          USB volume
6:528  0:000          USB volume
6:528  0:000  - [01]: Volume: PciRoot(0x0)\Pci(0x1D,0x0)\USB(0x1,0x0)\USB(0x2,0x0)\HD(1,GPT,07E0E355-4A3C-4F20-AB1C-13F8B8493B73,0x28,0x64000)
6:529  0:001          Result of bootcode detection: bootable unknown (legacy)
6:529  0:000          USB volume
6:529  0:000          USB volume
6:661  0:132          This is SelfVolume !!
6:661  0:000  - [02]: Volume: PciRoot(0x0)\Pci(0x1D,0x0)\USB(0x1,0x0)\USB(0x2,0x0)\HD(2,GPT,BDBA2672-D368-4EA1-8119-C87DF3F9E856,0x64028,0xC65DA0)
6:662  0:001          USB volume
6:662  0:000          USB volume
6:662  0:000  - [03]: Volume: PciRoot(0x0)\Pci(0x1F,0x2)\Sata(0x0,0xFFFF,0x0)
6:663  0:001  - [04]: Volume: PciRoot(0x0)\Pci(0x1F,0x2)\Sata(0x2,0xFFFF,0x0)
6:705  0:041          Result of bootcode detection: bootable Linux (grub,linux)
6:705  0:000  - [05]: Volume: PciRoot(0x0)\Pci(0x1F,0x2)\Sata(0x0,0xFFFF,0x0)\HD(1,GPT,C3D3EC30-F4E9-01D4-18F6-E9E1747AEA00,0x800,0x3C65800)
6:705  0:000          Result of bootcode detection: bootable Windows (win)
6:705  0:000  - [06]: Volume: PciRoot(0x0)\Pci(0x1F,0x2)\Sata(0x2,0xFFFF,0x0)\HD(1,MBR,0x31293128,0x800,0xAF000)
6:713  0:007          Result of bootcode detection: bootable Windows (vista,win)
6:713  0:000  - [07]: Volume: PciRoot(0x0)\Pci(0x1F,0x2)\Sata(0x2,0xFFFF,0x0)\HD(2,MBR,0x31293128,0xAF800,0x590C000)
6:722  0:009          Result of bootcode detection: bootable Windows (vista,win)
6:722  0:000  - [08]: Volume: PciRoot(0x0)\Pci(0x1F,0x2)\Sata(0x2,0xFFFF,0x0)\HD(3,MBR,0xFF3079FF,0x59BBDE0,0x19060B96)
6:727  0:004          Result of bootcode detection: bootable Windows (win)
6:727  0:000  - [09]: Volume: PciRoot(0x0)\Pci(0x1F,0x2)\Sata(0x2,0xFFFF,0x0)\HD(4,MBR,0x00000000,0x1EA1C9B5,0x19060B96)
6:744  0:017          Result of bootcode detection: bootable Windows (win)
6:744  0:000  - [10]: Volume: PciRoot(0x0)\Pci(0x1F,0x2)\Sata(0x2,0xFFFF,0x0)\HD(5,MBR,0x00000000,0x37A7D800,0x2907C4E)
6:767  0:022  PutNvramPlistToRtVars: nvram.plist not found
6:767  0:000  === [ InitTheme ] =========================================
6:767  0:000   using embedded theme
6:768  0:000  Using embedded font: Success
6:768  0:000  Chosen embedded theme
6:768  0:000  after NVRAM boot-args=kext-dev-mode=1 dart=0 slide=0 nv_disable=1 -cdfon
6:768  0:000  === [ Dump SMC keys from NVRAM ] ==========================
6:768  0:000  found AppleSMC protocol
6:768  0:000  Registered 0 SMC keys
6:768  0:000  === [ AddCustomEntries ] ==================================
6:768  0:000  Custom entry 0 Title:"Recovery" Path:"\com.apple.recovery.boot\boot.efi" Type:10 Flags:0x6 matching all volumes
6:768  0:000      Checking volume "EFI" (PciRoot(0x0)\Pci(0x1D,0x0)\USB(0x1,0x0)\USB(0x2,0x0)\HD(1,GPT,07E0E355-4A3C-4F20-AB1C-13F8B8493B73,0x28,0x64000)) ... skipped because path does not exist
6:768  0:000      Checking volume "Install macOS Mojave" (PciRoot(0x0)\Pci(0x1D,0x0)\USB(0x1,0x0)\USB(0x2,0x0)\HD(2,GPT,BDBA2672-D368-4EA1-8119-C87DF3F9E856,0x64028,0xC65DA0)) ... skipped because path does not exist
6:768  0:000  Custom entry 1 Title:"Windows" Path:"\EFI\Microsoft\Boot\bootmgfw.efi" Options:"-s -h" Type:7 Flags:0x0 matching all volumes
6:768  0:000      Checking volume "EFI" (PciRoot(0x0)\Pci(0x1D,0x0)\USB(0x1,0x0)\USB(0x2,0x0)\HD(1,GPT,07E0E355-4A3C-4F20-AB1C-13F8B8493B73,0x28,0x64000)) ... skipped because path does not exist
6:769  0:000      Checking volume "Install macOS Mojave" (PciRoot(0x0)\Pci(0x1D,0x0)\USB(0x1,0x0)\USB(0x2,0x0)\HD(2,GPT,BDBA2672-D368-4EA1-8119-C87DF3F9E856,0x64028,0xC65DA0)) ... skipped because path does not exist
6:769  0:000  === [ ScanLoader ] ========================================
6:769  0:000  - [01]: 'EFI'
6:772  0:002          AddLoaderEntry for Volume Name=EFI
6:772  0:000          skipped because entry is hidden
6:772  0:000  - [02]: 'Install macOS Mojave'
6:774  0:001          AddLoaderEntry for Volume Name=Install macOS Mojave
6:784  0:009  === [ AddCustomTool ] =====================================
6:792  0:007  found tool \EFI\CLOVER\tools\Shell64U.efi
6:792  0:000  Checking EFI partition Volume 1 for Clover
6:794  0:002   Found Clover
6:794  0:000  EmuVariable UninstallEmulation: CloseEvent = Success, original var services restored
6:795  0:001  EmuVariable InstallEmulation: orig vars copied, emu.var.services installed, CreateEvent VirtualAddressChange = Success, CreateEvent ExitBootServices = Success, set Status=Success
6:801  0:005  === [ GetEfiBootDeviceFromNvram ] =========================
6:801  0:000   - found entry 0. 'Boot macOS Install from Install macOS Mojave', Volume 'Install macOS Mojave', DevicePath 'PciRoot(0x0)\Pci(0x1D,0x0)\USB(0x1,0x0)\USB(0x2,0x0)\HD(2,GPT,BDBA2672-D368-4EA1-8119-C87DF3F9E856,0x64028,0xC65DA0)\System\Library\CoreServices\boot.efii'
6:801  0:000  EmuVariable UninstallEmulation: CloseEvent = Success, original var services restored
6:801  0:000  DefaultIndex=0 and MainMenu.EntryCount=7
6:896  0:095  GUI ready
